2023-07-24 22:07:284 INFO  HomePage :106 - Accepting all cookies: Proxy element for: DefaultElementLocator 'By.xpath: //button[@id='save']'
2023-07-24 22:07:558 INFO  HomePage :61 - Entering job title: [[ChromeDriver: chrome on windows (4b88ef1de25a58e44d645beb11c08abf)] -> id: keywords]
2023-07-24 22:07:715 INFO  HomePage :66 - Entering location: [[ChromeDriver: chrome on windows (4b88ef1de25a58e44d645beb11c08abf)] -> id: location]
2023-07-24 22:07:136 INFO  HomePage :71 - Selecting distance: [[ChromeDriver: chrome on windows (4b88ef1de25a58e44d645beb11c08abf)] -> id: distance]
2023-07-24 22:07:327 INFO  HomePage :76 - Clicking on more search options link: [[ChromeDriver: chrome on windows (4b88ef1de25a58e44d645beb11c08abf)] -> id: toggle-hp-search]
2023-07-24 22:07:525 INFO  HomePage :81 - Entering minimum salary: [[ChromeDriver: chrome on windows (4b88ef1de25a58e44d645beb11c08abf)] -> id: salarymin]
2023-07-24 22:07:732 INFO  HomePage :86 - Entering maximum salary: [[ChromeDriver: chrome on windows (4b88ef1de25a58e44d645beb11c08abf)] -> id: salarymax]
2023-07-24 22:07:849 INFO  HomePage :91 - Selecting salary type: [[ChromeDriver: chrome on windows (4b88ef1de25a58e44d645beb11c08abf)] -> id: salarytype]
2023-07-24 22:07:26 INFO  HomePage :96 - Selecting job type: [[ChromeDriver: chrome on windows (4b88ef1de25a58e44d645beb11c08abf)] -> id: tempperm]
2023-07-24 22:07:166 INFO  HomePage :101 - Clicking on find jobs button: [[ChromeDriver: chrome on windows (4b88ef1de25a58e44d645beb11c08abf)] -> id: hp-search-btn]
2023-07-24 22:07:719 INFO  ResultsPage :24 - Verifying the results: [[ChromeDriver: chrome on windows (4b88ef1de25a58e44d645beb11c08abf)] -> xpath: //h1[@class='search-header__title']]
2023-07-24 22:07:556 INFO  HomePage :106 - Accepting all cookies: Proxy element for: DefaultElementLocator 'By.xpath: //button[@id='save']'
2023-07-24 22:07:794 INFO  HomePage :61 - Entering job title: [[ChromeDriver: chrome on windows (d21e0b6653b9fb15bcccf6041017f8b5)] -> id: keywords]
2023-07-24 22:07:883 INFO  HomePage :66 - Entering location: [[ChromeDriver: chrome on windows (d21e0b6653b9fb15bcccf6041017f8b5)] -> id: location]
2023-07-24 22:07:277 INFO  HomePage :71 - Selecting distance: [[ChromeDriver: chrome on windows (d21e0b6653b9fb15bcccf6041017f8b5)] -> id: distance]
2023-07-24 22:07:407 INFO  HomePage :76 - Clicking on more search options link: [[ChromeDriver: chrome on windows (d21e0b6653b9fb15bcccf6041017f8b5)] -> id: toggle-hp-search]
2023-07-24 22:07:524 INFO  HomePage :81 - Entering minimum salary: [[ChromeDriver: chrome on windows (d21e0b6653b9fb15bcccf6041017f8b5)] -> id: salarymin]
2023-07-24 22:07:691 INFO  HomePage :86 - Entering maximum salary: [[ChromeDriver: chrome on windows (d21e0b6653b9fb15bcccf6041017f8b5)] -> id: salarymax]
2023-07-24 22:07:820 INFO  HomePage :91 - Selecting salary type: [[ChromeDriver: chrome on windows (d21e0b6653b9fb15bcccf6041017f8b5)] -> id: salarytype]
2023-07-24 22:07:960 INFO  HomePage :96 - Selecting job type: [[ChromeDriver: chrome on windows (d21e0b6653b9fb15bcccf6041017f8b5)] -> id: tempperm]
2023-07-24 22:07:68 INFO  HomePage :101 - Clicking on find jobs button: [[ChromeDriver: chrome on windows (d21e0b6653b9fb15bcccf6041017f8b5)] -> id: hp-search-btn]
2023-07-24 22:07:832 INFO  ResultsPage :24 - Verifying the results: [[ChromeDriver: chrome on windows (d21e0b6653b9fb15bcccf6041017f8b5)] -> xpath: //h1[@class='search-header__title']]
2023-07-24 22:07:428 INFO  HomePage :106 - Accepting all cookies: Proxy element for: DefaultElementLocator 'By.xpath: //button[@id='save']'
2023-07-24 22:07:695 INFO  HomePage :61 - Entering job title: [[ChromeDriver: chrome on windows (c118554fb44e90d0e17417cee2b979c6)] -> id: keywords]
2023-07-24 22:07:888 INFO  HomePage :66 - Entering location: [[ChromeDriver: chrome on windows (c118554fb44e90d0e17417cee2b979c6)] -> id: location]
2023-07-24 22:07:291 INFO  HomePage :71 - Selecting distance: [[ChromeDriver: chrome on windows (c118554fb44e90d0e17417cee2b979c6)] -> id: distance]
2023-07-24 22:07:439 INFO  HomePage :76 - Clicking on more search options link: [[ChromeDriver: chrome on windows (c118554fb44e90d0e17417cee2b979c6)] -> id: toggle-hp-search]
2023-07-24 22:07:574 INFO  HomePage :81 - Entering minimum salary: [[ChromeDriver: chrome on windows (c118554fb44e90d0e17417cee2b979c6)] -> id: salarymin]
2023-07-24 22:07:733 INFO  HomePage :86 - Entering maximum salary: [[ChromeDriver: chrome on windows (c118554fb44e90d0e17417cee2b979c6)] -> id: salarymax]
2023-07-24 22:07:822 INFO  HomePage :91 - Selecting salary type: [[ChromeDriver: chrome on windows (c118554fb44e90d0e17417cee2b979c6)] -> id: salarytype]
2023-07-24 22:07:941 INFO  HomePage :96 - Selecting job type: [[ChromeDriver: chrome on windows (c118554fb44e90d0e17417cee2b979c6)] -> id: tempperm]
2023-07-24 22:07:43 INFO  HomePage :101 - Clicking on find jobs button: [[ChromeDriver: chrome on windows (c118554fb44e90d0e17417cee2b979c6)] -> id: hp-search-btn]
2023-07-24 22:07:151 INFO  ResultsPage :24 - Verifying the results: [[ChromeDriver: chrome on windows (c118554fb44e90d0e17417cee2b979c6)] -> xpath: //h1[@class='search-header__title']]
2023-07-24 22:07:513 INFO  HomePage :106 - Accepting all cookies: Proxy element for: DefaultElementLocator 'By.xpath: //button[@id='save']'
2023-07-24 22:07:725 INFO  HomePage :61 - Entering job title: [[ChromeDriver: chrome on windows (f79ea3c5608a2f27105c2c85af420de1)] -> id: keywords]
2023-07-24 22:07:816 INFO  HomePage :66 - Entering location: [[ChromeDriver: chrome on windows (f79ea3c5608a2f27105c2c85af420de1)] -> id: location]
2023-07-24 22:07:219 INFO  HomePage :71 - Selecting distance: [[ChromeDriver: chrome on windows (f79ea3c5608a2f27105c2c85af420de1)] -> id: distance]
2023-07-24 22:07:352 INFO  HomePage :76 - Clicking on more search options link: [[ChromeDriver: chrome on windows (f79ea3c5608a2f27105c2c85af420de1)] -> id: toggle-hp-search]
2023-07-24 22:07:474 INFO  HomePage :81 - Entering minimum salary: [[ChromeDriver: chrome on windows (f79ea3c5608a2f27105c2c85af420de1)] -> id: salarymin]
2023-07-24 22:07:660 INFO  HomePage :86 - Entering maximum salary: [[ChromeDriver: chrome on windows (f79ea3c5608a2f27105c2c85af420de1)] -> id: salarymax]
2023-07-24 22:07:757 INFO  HomePage :91 - Selecting salary type: [[ChromeDriver: chrome on windows (f79ea3c5608a2f27105c2c85af420de1)] -> id: salarytype]
2023-07-24 22:07:885 INFO  HomePage :96 - Selecting job type: [[ChromeDriver: chrome on windows (f79ea3c5608a2f27105c2c85af420de1)] -> id: tempperm]
2023-07-24 22:07:22 INFO  HomePage :101 - Clicking on find jobs button: [[ChromeDriver: chrome on windows (f79ea3c5608a2f27105c2c85af420de1)] -> id: hp-search-btn]
2023-07-24 22:07:183 INFO  ResultsPage :24 - Verifying the results: [[ChromeDriver: chrome on windows (f79ea3c5608a2f27105c2c85af420de1)] -> xpath: //h1[@class='search-header__title']]
2023-07-24 22:07:127 INFO  HomePage :106 - Accepting all cookies: Proxy element for: DefaultElementLocator 'By.xpath: //button[@id='save']'
2023-07-24 22:07:347 INFO  HomePage :61 - Entering job title: [[ChromeDriver: chrome on windows (0fc00e7bb7ba9a8918a919d461d45cca)] -> id: keywords]
2023-07-24 22:07:473 INFO  HomePage :66 - Entering location: [[ChromeDriver: chrome on windows (0fc00e7bb7ba9a8918a919d461d45cca)] -> id: location]
2023-07-24 22:07:50 INFO  HomePage :71 - Selecting distance: [[ChromeDriver: chrome on windows (0fc00e7bb7ba9a8918a919d461d45cca)] -> id: distance]
2023-07-24 22:07:313 INFO  HomePage :76 - Clicking on more search options link: [[ChromeDriver: chrome on windows (0fc00e7bb7ba9a8918a919d461d45cca)] -> id: toggle-hp-search]
2023-07-24 22:07:568 INFO  HomePage :81 - Entering minimum salary: [[ChromeDriver: chrome on windows (0fc00e7bb7ba9a8918a919d461d45cca)] -> id: salarymin]
2023-07-24 22:07:746 INFO  HomePage :86 - Entering maximum salary: [[ChromeDriver: chrome on windows (0fc00e7bb7ba9a8918a919d461d45cca)] -> id: salarymax]
2023-07-24 22:07:896 INFO  HomePage :91 - Selecting salary type: [[ChromeDriver: chrome on windows (0fc00e7bb7ba9a8918a919d461d45cca)] -> id: salarytype]
2023-07-24 22:07:101 INFO  HomePage :96 - Selecting job type: [[ChromeDriver: chrome on windows (0fc00e7bb7ba9a8918a919d461d45cca)] -> id: tempperm]
2023-07-24 22:07:245 INFO  HomePage :101 - Clicking on find jobs button: [[ChromeDriver: chrome on windows (0fc00e7bb7ba9a8918a919d461d45cca)] -> id: hp-search-btn]
2023-07-24 22:07:204 INFO  ResultsPage :24 - Verifying the results: [[ChromeDriver: chrome on windows (0fc00e7bb7ba9a8918a919d461d45cca)] -> xpath: //h1[@class='search-header__title']]
2023-07-24 22:07:84 INFO  HomePage :106 - Accepting all cookies: Proxy element for: DefaultElementLocator 'By.xpath: //button[@id='save']'
2023-07-24 22:07:393 INFO  HomePage :61 - Entering job title: [[ChromeDriver: chrome on windows (dd40cd746f3f0a0b6306ab3de5ff9b12)] -> id: keywords]
2023-07-24 22:07:157 INFO  HomePage :66 - Entering location: [[ChromeDriver: chrome on windows (dd40cd746f3f0a0b6306ab3de5ff9b12)] -> id: location]
2023-07-24 22:07:372 INFO  HomePage :71 - Selecting distance: [[ChromeDriver: chrome on windows (dd40cd746f3f0a0b6306ab3de5ff9b12)] -> id: distance]
2023-07-24 22:07:606 INFO  HomePage :76 - Clicking on more search options link: [[ChromeDriver: chrome on windows (dd40cd746f3f0a0b6306ab3de5ff9b12)] -> id: toggle-hp-search]
2023-07-24 22:07:779 INFO  HomePage :81 - Entering minimum salary: [[ChromeDriver: chrome on windows (dd40cd746f3f0a0b6306ab3de5ff9b12)] -> id: salarymin]
2023-07-24 22:07:73 INFO  HomePage :86 - Entering maximum salary: [[ChromeDriver: chrome on windows (dd40cd746f3f0a0b6306ab3de5ff9b12)] -> id: salarymax]
2023-07-24 22:07:206 INFO  HomePage :91 - Selecting salary type: [[ChromeDriver: chrome on windows (dd40cd746f3f0a0b6306ab3de5ff9b12)] -> id: salarytype]
2023-07-24 22:07:343 INFO  HomePage :96 - Selecting job type: [[ChromeDriver: chrome on windows (dd40cd746f3f0a0b6306ab3de5ff9b12)] -> id: tempperm]
2023-07-24 22:07:483 INFO  HomePage :101 - Clicking on find jobs button: [[ChromeDriver: chrome on windows (dd40cd746f3f0a0b6306ab3de5ff9b12)] -> id: hp-search-btn]
2023-07-24 22:07:740 INFO  ResultsPage :24 - Verifying the results: [[ChromeDriver: chrome on windows (dd40cd746f3f0a0b6306ab3de5ff9b12)] -> xpath: //h1[@class='search-header__title']]
2023-07-25 21:07:919 INFO  HomePage :106 - Accepting all cookies: Proxy element for: DefaultElementLocator 'By.xpath: //button[@id='save']'
2023-07-25 21:07:593 INFO  HomePage :61 - Entering job title: [[ChromeDriver: chrome on windows (ff055863526776cc2932f2bde05e6e93)] -> id: keywords]
2023-07-25 21:07:695 INFO  HomePage :66 - Entering location: [[ChromeDriver: chrome on windows (ff055863526776cc2932f2bde05e6e93)] -> id: location]
2023-07-25 21:07:196 INFO  HomePage :71 - Selecting distance: [[ChromeDriver: chrome on windows (ff055863526776cc2932f2bde05e6e93)] -> id: distance]
2023-07-25 21:07:456 INFO  HomePage :76 - Clicking on more search options link: [[ChromeDriver: chrome on windows (ff055863526776cc2932f2bde05e6e93)] -> id: toggle-hp-search]
2023-07-25 21:07:905 INFO  HomePage :81 - Entering minimum salary: [[ChromeDriver: chrome on windows (ff055863526776cc2932f2bde05e6e93)] -> id: salarymin]
2023-07-25 21:07:99 INFO  HomePage :86 - Entering maximum salary: [[ChromeDriver: chrome on windows (ff055863526776cc2932f2bde05e6e93)] -> id: salarymax]
2023-07-25 21:07:306 INFO  HomePage :91 - Selecting salary type: [[ChromeDriver: chrome on windows (ff055863526776cc2932f2bde05e6e93)] -> id: salarytype]
2023-07-25 21:07:495 INFO  HomePage :96 - Selecting job type: [[ChromeDriver: chrome on windows (ff055863526776cc2932f2bde05e6e93)] -> id: tempperm]
2023-07-25 21:07:668 INFO  HomePage :101 - Clicking on find jobs button: [[ChromeDriver: chrome on windows (ff055863526776cc2932f2bde05e6e93)] -> id: hp-search-btn]
2023-07-25 21:07:97 INFO  ResultsPage :24 - Verifying the results: [[ChromeDriver: chrome on windows (ff055863526776cc2932f2bde05e6e93)] -> xpath: //h1[@class='search-header__title']]
2023-07-25 21:07:656 INFO  HomePage :106 - Accepting all cookies: Proxy element for: DefaultElementLocator 'By.xpath: //button[@id='save']'
2023-07-25 21:07:05 INFO  HomePage :61 - Entering job title: [[ChromeDriver: chrome on windows (3d8dc943735d33ecee9f92022955bfa9)] -> id: keywords]
2023-07-25 21:07:578 INFO  HomePage :66 - Entering location: [[ChromeDriver: chrome on windows (3d8dc943735d33ecee9f92022955bfa9)] -> id: location]
2023-07-25 21:07:754 INFO  HomePage :71 - Selecting distance: [[ChromeDriver: chrome on windows (3d8dc943735d33ecee9f92022955bfa9)] -> id: distance]
2023-07-25 21:07:986 INFO  HomePage :76 - Clicking on more search options link: [[ChromeDriver: chrome on windows (3d8dc943735d33ecee9f92022955bfa9)] -> id: toggle-hp-search]
2023-07-25 21:07:232 INFO  HomePage :81 - Entering minimum salary: [[ChromeDriver: chrome on windows (3d8dc943735d33ecee9f92022955bfa9)] -> id: salarymin]
2023-07-25 21:07:772 INFO  HomePage :86 - Entering maximum salary: [[ChromeDriver: chrome on windows (3d8dc943735d33ecee9f92022955bfa9)] -> id: salarymax]
2023-07-25 21:07:961 INFO  HomePage :91 - Selecting salary type: [[ChromeDriver: chrome on windows (3d8dc943735d33ecee9f92022955bfa9)] -> id: salarytype]
2023-07-25 21:07:175 INFO  HomePage :96 - Selecting job type: [[ChromeDriver: chrome on windows (3d8dc943735d33ecee9f92022955bfa9)] -> id: tempperm]
2023-07-25 21:07:364 INFO  HomePage :101 - Clicking on find jobs button: [[ChromeDriver: chrome on windows (3d8dc943735d33ecee9f92022955bfa9)] -> id: hp-search-btn]
2023-07-25 21:07:70 INFO  ResultsPage :24 - Verifying the results: [[ChromeDriver: chrome on windows (3d8dc943735d33ecee9f92022955bfa9)] -> xpath: //h1[@class='search-header__title']]
2023-07-25 21:07:929 INFO  HomePage :106 - Accepting all cookies: Proxy element for: DefaultElementLocator 'By.xpath: //button[@id='save']'
2023-07-25 21:07:731 INFO  HomePage :61 - Entering job title: [[ChromeDriver: chrome on windows (1c637ae2f467113bd544f60d041efbbc)] -> id: keywords]
2023-07-25 21:07:154 INFO  HomePage :66 - Entering location: [[ChromeDriver: chrome on windows (1c637ae2f467113bd544f60d041efbbc)] -> id: location]
2023-07-25 21:07:533 INFO  HomePage :71 - Selecting distance: [[ChromeDriver: chrome on windows (1c637ae2f467113bd544f60d041efbbc)] -> id: distance]
2023-07-25 21:07:829 INFO  HomePage :76 - Clicking on more search options link: [[ChromeDriver: chrome on windows (1c637ae2f467113bd544f60d041efbbc)] -> id: toggle-hp-search]
2023-07-25 21:07:411 INFO  HomePage :81 - Entering minimum salary: [[ChromeDriver: chrome on windows (1c637ae2f467113bd544f60d041efbbc)] -> id: salarymin]
2023-07-25 21:07:595 INFO  HomePage :86 - Entering maximum salary: [[ChromeDriver: chrome on windows (1c637ae2f467113bd544f60d041efbbc)] -> id: salarymax]
2023-07-25 21:07:811 INFO  HomePage :91 - Selecting salary type: [[ChromeDriver: chrome on windows (1c637ae2f467113bd544f60d041efbbc)] -> id: salarytype]
2023-07-25 21:07:61 INFO  HomePage :96 - Selecting job type: [[ChromeDriver: chrome on windows (1c637ae2f467113bd544f60d041efbbc)] -> id: tempperm]
2023-07-25 21:07:261 INFO  HomePage :101 - Clicking on find jobs button: [[ChromeDriver: chrome on windows (1c637ae2f467113bd544f60d041efbbc)] -> id: hp-search-btn]
2023-07-25 21:07:829 INFO  ResultsPage :24 - Verifying the results: [[ChromeDriver: chrome on windows (1c637ae2f467113bd544f60d041efbbc)] -> xpath: //h1[@class='search-header__title']]
2023-07-25 21:07:219 INFO  HomePage :106 - Accepting all cookies: Proxy element for: DefaultElementLocator 'By.xpath: //button[@id='save']'
2023-07-25 21:07:536 INFO  HomePage :61 - Entering job title: [[ChromeDriver: chrome on windows (f43a8662ece5acafe475d1aa411f111a)] -> id: keywords]
2023-07-25 21:07:339 INFO  HomePage :66 - Entering location: [[ChromeDriver: chrome on windows (f43a8662ece5acafe475d1aa411f111a)] -> id: location]
2023-07-25 21:07:667 INFO  HomePage :71 - Selecting distance: [[ChromeDriver: chrome on windows (f43a8662ece5acafe475d1aa411f111a)] -> id: distance]
2023-07-25 21:07:961 INFO  HomePage :76 - Clicking on more search options link: [[ChromeDriver: chrome on windows (f43a8662ece5acafe475d1aa411f111a)] -> id: toggle-hp-search]
2023-07-25 21:07:469 INFO  HomePage :81 - Entering minimum salary: [[ChromeDriver: chrome on windows (f43a8662ece5acafe475d1aa411f111a)] -> id: salarymin]
2023-07-25 21:07:724 INFO  HomePage :86 - Entering maximum salary: [[ChromeDriver: chrome on windows (f43a8662ece5acafe475d1aa411f111a)] -> id: salarymax]
2023-07-25 21:07:902 INFO  HomePage :91 - Selecting salary type: [[ChromeDriver: chrome on windows (f43a8662ece5acafe475d1aa411f111a)] -> id: salarytype]
2023-07-25 21:07:102 INFO  HomePage :96 - Selecting job type: [[ChromeDriver: chrome on windows (f43a8662ece5acafe475d1aa411f111a)] -> id: tempperm]
2023-07-25 21:07:307 INFO  HomePage :101 - Clicking on find jobs button: [[ChromeDriver: chrome on windows (f43a8662ece5acafe475d1aa411f111a)] -> id: hp-search-btn]
2023-07-25 21:07:155 INFO  ResultsPage :24 - Verifying the results: [[ChromeDriver: chrome on windows (f43a8662ece5acafe475d1aa411f111a)] -> xpath: //h1[@class='search-header__title']]
2023-07-25 21:07:872 INFO  HomePage :106 - Accepting all cookies: Proxy element for: DefaultElementLocator 'By.xpath: //button[@id='save']'
2023-07-25 21:07:226 INFO  HomePage :61 - Entering job title: [[ChromeDriver: chrome on windows (e915d12529419e599b0330d5182cfb0c)] -> id: keywords]
2023-07-25 21:07:508 INFO  HomePage :66 - Entering location: [[ChromeDriver: chrome on windows (e915d12529419e599b0330d5182cfb0c)] -> id: location]
2023-07-25 21:07:837 INFO  HomePage :71 - Selecting distance: [[ChromeDriver: chrome on windows (e915d12529419e599b0330d5182cfb0c)] -> id: distance]
2023-07-25 21:07:183 INFO  HomePage :76 - Clicking on more search options link: [[ChromeDriver: chrome on windows (e915d12529419e599b0330d5182cfb0c)] -> id: toggle-hp-search]
2023-07-25 21:07:718 INFO  HomePage :81 - Entering minimum salary: [[ChromeDriver: chrome on windows (e915d12529419e599b0330d5182cfb0c)] -> id: salarymin]
2023-07-25 21:07:902 INFO  HomePage :86 - Entering maximum salary: [[ChromeDriver: chrome on windows (e915d12529419e599b0330d5182cfb0c)] -> id: salarymax]
2023-07-25 21:07:80 INFO  HomePage :91 - Selecting salary type: [[ChromeDriver: chrome on windows (e915d12529419e599b0330d5182cfb0c)] -> id: salarytype]
2023-07-25 21:07:284 INFO  HomePage :96 - Selecting job type: [[ChromeDriver: chrome on windows (e915d12529419e599b0330d5182cfb0c)] -> id: tempperm]
2023-07-25 21:07:477 INFO  HomePage :101 - Clicking on find jobs button: [[ChromeDriver: chrome on windows (e915d12529419e599b0330d5182cfb0c)] -> id: hp-search-btn]
2023-07-25 21:07:734 INFO  ResultsPage :24 - Verifying the results: [[ChromeDriver: chrome on windows (e915d12529419e599b0330d5182cfb0c)] -> xpath: //h1[@class='search-header__title']]
2023-07-25 21:07:465 INFO  HomePage :106 - Accepting all cookies: Proxy element for: DefaultElementLocator 'By.xpath: //button[@id='save']'
2023-07-25 21:07:768 INFO  HomePage :61 - Entering job title: [[ChromeDriver: chrome on windows (248bb69eb4c3e9966599792e9b5c89f8)] -> id: keywords]
2023-07-25 21:07:189 INFO  HomePage :66 - Entering location: [[ChromeDriver: chrome on windows (248bb69eb4c3e9966599792e9b5c89f8)] -> id: location]
2023-07-25 21:07:418 INFO  HomePage :71 - Selecting distance: [[ChromeDriver: chrome on windows (248bb69eb4c3e9966599792e9b5c89f8)] -> id: distance]
2023-07-25 21:07:727 INFO  HomePage :76 - Clicking on more search options link: [[ChromeDriver: chrome on windows (248bb69eb4c3e9966599792e9b5c89f8)] -> id: toggle-hp-search]
2023-07-25 21:07:160 INFO  HomePage :81 - Entering minimum salary: [[ChromeDriver: chrome on windows (248bb69eb4c3e9966599792e9b5c89f8)] -> id: salarymin]
2023-07-25 21:07:363 INFO  HomePage :86 - Entering maximum salary: [[ChromeDriver: chrome on windows (248bb69eb4c3e9966599792e9b5c89f8)] -> id: salarymax]
2023-07-25 21:07:528 INFO  HomePage :91 - Selecting salary type: [[ChromeDriver: chrome on windows (248bb69eb4c3e9966599792e9b5c89f8)] -> id: salarytype]
2023-07-25 21:07:758 INFO  HomePage :96 - Selecting job type: [[ChromeDriver: chrome on windows (248bb69eb4c3e9966599792e9b5c89f8)] -> id: tempperm]
2023-07-25 21:07:938 INFO  HomePage :101 - Clicking on find jobs button: [[ChromeDriver: chrome on windows (248bb69eb4c3e9966599792e9b5c89f8)] -> id: hp-search-btn]
2023-07-25 21:07:66 INFO  ResultsPage :24 - Verifying the results: [[ChromeDriver: chrome on windows (248bb69eb4c3e9966599792e9b5c89f8)] -> xpath: //h1[@class='search-header__title']]
